c:\users\manas\myfiles\usc\academics\csci520\assignments\mocap\ide-starter\vs2017\interpolate\debug\vc143.pdb
c:\users\manas\myfiles\usc\academics\csci520\assignments\mocap\ide-starter\vs2017\interpolate\debug\vc143.idb
c:\users\manas\myfiles\usc\academics\csci520\assignments\mocap\ide-starter\vs2017\interpolate\debug\vector.obj
c:\users\manas\myfiles\usc\academics\csci520\assignments\mocap\ide-starter\vs2017\interpolate\debug\transform.obj
c:\users\manas\myfiles\usc\academics\csci520\assignments\mocap\ide-starter\vs2017\interpolate\debug\skeleton.obj
c:\users\manas\myfiles\usc\academics\csci520\assignments\mocap\ide-starter\vs2017\interpolate\debug\quaternion.obj
c:\users\manas\myfiles\usc\academics\csci520\assignments\mocap\ide-starter\vs2017\interpolate\debug\posture.obj
c:\users\manas\myfiles\usc\academics\csci520\assignments\mocap\ide-starter\vs2017\interpolate\debug\performancecounter.obj
c:\users\manas\myfiles\usc\academics\csci520\assignments\mocap\ide-starter\vs2017\interpolate\debug\motion.obj
c:\users\manas\myfiles\usc\academics\csci520\assignments\mocap\ide-starter\vs2017\interpolate\debug\interpolator.obj
c:\users\manas\myfiles\usc\academics\csci520\assignments\mocap\ide-starter\vs2017\interpolate\debug\interpolate.obj
c:\users\manas\myfiles\usc\academics\csci520\assignments\mocap\ide-starter\vs2017\debug\interpolate.exe
c:\users\manas\myfiles\usc\academics\csci520\assignments\mocap\ide-starter\vs2017\debug\interpolate.pdb
c:\users\manas\myfiles\usc\academics\csci520\assignments\mocap\ide-starter\vs2017\interpolate\debug\interpolate.ilk
c:\users\manas\myfiles\usc\academics\csci520\assignments\mocap\ide-starter\vs2017\interpolate\debug\interpolate.tlog\cl.command.1.tlog
c:\users\manas\myfiles\usc\academics\csci520\assignments\mocap\ide-starter\vs2017\interpolate\debug\interpolate.tlog\cl.items.tlog
c:\users\manas\myfiles\usc\academics\csci520\assignments\mocap\ide-starter\vs2017\interpolate\debug\interpolate.tlog\cl.read.1.tlog
c:\users\manas\myfiles\usc\academics\csci520\assignments\mocap\ide-starter\vs2017\interpolate\debug\interpolate.tlog\cl.write.1.tlog
c:\users\manas\myfiles\usc\academics\csci520\assignments\mocap\ide-starter\vs2017\interpolate\debug\interpolate.tlog\link.command.1.tlog
c:\users\manas\myfiles\usc\academics\csci520\assignments\mocap\ide-starter\vs2017\interpolate\debug\interpolate.tlog\link.read.1.tlog
c:\users\manas\myfiles\usc\academics\csci520\assignments\mocap\ide-starter\vs2017\interpolate\debug\interpolate.tlog\link.secondary.1.tlog
c:\users\manas\myfiles\usc\academics\csci520\assignments\mocap\ide-starter\vs2017\interpolate\debug\interpolate.tlog\link.write.1.tlog
